<?xml version="1.0" encoding="UTF-8"?>
<VAST version="3.0">
  <Ad id="f958b1896f1a71b3db564077a2ee73493cf3d57d">
    <InLine>
      <AdSystem version="1.0">Ogury ad external server</AdSystem>
      <AdTitle><![CDATA[[EXTERNAL] External video]]></AdTitle>
      <Description><![CDATA[]]></Description>
      <Impression> https://ms-external-inventory.deva.cloud.ogury.io/vid?t={$timestamp$}&amp;imp={$IMPID$}&amp;oc_id=24610&amp;ak=1&amp;u_id={$GAID_RAW$}{$IDFA_RAW$}{$WPID_RAW$}&amp;u_os={$DEVICE_OS$}&amp;u_a={$USER_AGENT$}&amp;g_city={$CITY_NAME$}&amp;g_lat={$LAT$}&amp;g_long={$LONG$}&amp;a_b={$APP_BUNDLE$}&amp;a_n={$APP_NAME$}&amp;e=impression
      </Impression>
      <Creatives>
        <Creative>
          <Linear>
            <Duration>00:00:05</Duration>
            <TrackingEvents>
              <Tracking event="start">https://ms-external-inventory.deva.cloud.ogury.io/vid?t={$timestamp$}&amp;imp={$IMPID$}&amp;oc_id=24610&amp;ak=1&amp;u_id={$GAID_RAW$}{$IDFA_RAW$}{$WPID_RAW$}&amp;u_os={$DEVICE_OS$}&amp;u_a={$USER_AGENT$}&amp;g_city={$CITY_NAME$}&amp;g_lat={$LAT$}&amp;g_long={$LONG$}&amp;a_b={$APP_BUNDLE$}&amp;a_n={$APP_NAME$}&amp;e=start</Tracking>
              <Tracking event="firstQuartile">https://ms-external-inventory.deva.cloud.ogury.io/vid?t={$timestamp$}&amp;imp={$IMPID$}&amp;oc_id=24610&amp;ak=1&amp;u_id={$GAID_RAW$}{$IDFA_RAW$}{$WPID_RAW$}&amp;u_os={$DEVICE_OS$}&amp;u_a={$USER_AGENT$}&amp;g_city={$CITY_NAME$}&amp;g_lat={$LAT$}&amp;g_long={$LONG$}&amp;a_b={$APP_BUNDLE$}&amp;a_n={$APP_NAME$}&amp;e=firstquartile</Tracking>
              <Tracking event="midpoint">https://ms-external-inventory.deva.cloud.ogury.io/vid?t={$timestamp$}&amp;imp={$IMPID$}&amp;oc_id=24610&amp;ak=1&amp;u_id={$GAID_RAW$}{$IDFA_RAW$}{$WPID_RAW$}&amp;u_os={$DEVICE_OS$}&amp;u_a={$USER_AGENT$}&amp;g_city={$CITY_NAME$}&amp;g_lat={$LAT$}&amp;g_long={$LONG$}&amp;a_b={$APP_BUNDLE$}&amp;a_n={$APP_NAME$}&amp;e=midpoint</Tracking>
              <Tracking event="thirdQuartile">https://ms-external-inventory.deva.cloud.ogury.io/vid?t={$timestamp$}&amp;imp={$IMPID$}&amp;oc_id=24610&amp;ak=1&amp;u_id={$GAID_RAW$}{$IDFA_RAW$}{$WPID_RAW$}&amp;u_os={$DEVICE_OS$}&amp;u_a={$USER_AGENT$}&amp;g_city={$CITY_NAME$}&amp;g_lat={$LAT$}&amp;g_long={$LONG$}&amp;a_b={$APP_BUNDLE$}&amp;a_n={$APP_NAME$}&amp;e=thirdquartile</Tracking>
              <Tracking event="complete">https://ms-external-inventory.deva.cloud.ogury.io/vid?t={$timestamp$}&amp;imp={$IMPID$}&amp;oc_id=24610&amp;ak=1&amp;u_id={$GAID_RAW$}{$IDFA_RAW$}{$WPID_RAW$}&amp;u_os={$DEVICE_OS$}&amp;u_a={$USER_AGENT$}&amp;g_city={$CITY_NAME$}&amp;g_lat={$LAT$}&amp;g_long={$LONG$}&amp;a_b={$APP_BUNDLE$}&amp;a_n={$APP_NAME$}&amp;e=complete</Tracking>
              <Tracking event="mute">https://ms-external-inventory.deva.cloud.ogury.io/vid?t={$timestamp$}&amp;imp={$IMPID$}&amp;oc_id=24610&amp;ak=1&amp;u_id={$GAID_RAW$}{$IDFA_RAW$}{$WPID_RAW$}&amp;u_os={$DEVICE_OS$}&amp;u_a={$USER_AGENT$}&amp;g_city={$CITY_NAME$}&amp;g_lat={$LAT$}&amp;g_long={$LONG$}&amp;a_b={$APP_BUNDLE$}&amp;a_n={$APP_NAME$}&amp;e=mute</Tracking>
              <Tracking event="unmute">https://ms-external-inventory.deva.cloud.ogury.io/vid?t={$timestamp$}&amp;imp={$IMPID$}&amp;oc_id=24610&amp;ak=1&amp;u_id={$GAID_RAW$}{$IDFA_RAW$}{$WPID_RAW$}&amp;u_os={$DEVICE_OS$}&amp;u_a={$USER_AGENT$}&amp;g_city={$CITY_NAME$}&amp;g_lat={$LAT$}&amp;g_long={$LONG$}&amp;a_b={$APP_BUNDLE$}&amp;a_n={$APP_NAME$}&amp;e=unmute</Tracking>
              <Tracking event="close">https://ms-external-inventory.deva.cloud.ogury.io/vid?t={$timestamp$}&amp;imp={$IMPID$}&amp;oc_id=24610&amp;ak=1&amp;u_id={$GAID_RAW$}{$IDFA_RAW$}{$WPID_RAW$}&amp;u_os={$DEVICE_OS$}&amp;u_a={$USER_AGENT$}&amp;g_city={$CITY_NAME$}&amp;g_lat={$LAT$}&amp;g_long={$LONG$}&amp;a_b={$APP_BUNDLE$}&amp;a_n={$APP_NAME$}&amp;e=close</Tracking>

              <Tracking event="acceptInvitationLinear">https://ms-external-inventory.deva.cloud.ogury.io/vid?t={$timestamp$}&amp;imp={$IMPID$}&amp;oc_id=24610&amp;ak=1&amp;u_id={$GAID_RAW$}{$IDFA_RAW$}{$WPID_RAW$}&amp;u_os={$DEVICE_OS$}&amp;u_a={$USER_AGENT$}&amp;g_city={$CITY_NAME$}&amp;g_lat={$LAT$}&amp;g_long={$LONG$}&amp;a_b={$APP_BUNDLE$}&amp;a_n={$APP_NAME$}&amp;e=acceptInvitationLinear</Tracking>
              <Tracking event="creativeView">https://ms-external-inventory.deva.cloud.ogury.io/vid?t={$timestamp$}&amp;imp={$IMPID$}&amp;oc_id=24610&amp;ak=1&amp;u_id={$GAID_RAW$}{$IDFA_RAW$}{$WPID_RAW$}&amp;u_os={$DEVICE_OS$}&amp;u_a={$USER_AGENT$}&amp;g_city={$CITY_NAME$}&amp;g_lat={$LAT$}&amp;g_long={$LONG$}&amp;a_b={$APP_BUNDLE$}&amp;a_n={$APP_NAME$}&amp;e=creativeView</Tracking>
              <Tracking event="acceptInvitation">https://ms-external-inventory.deva.cloud.ogury.io/vid?t={$timestamp$}&amp;imp={$IMPID$}&amp;oc_id=24610&amp;ak=1&amp;u_id={$GAID_RAW$}{$IDFA_RAW$}{$WPID_RAW$}&amp;u_os={$DEVICE_OS$}&amp;u_a={$USER_AGENT$}&amp;g_city={$CITY_NAME$}&amp;g_lat={$LAT$}&amp;g_long={$LONG$}&amp;a_b={$APP_BUNDLE$}&amp;a_n={$APP_NAME$}&amp;e=acceptInvitation</Tracking>
              <Tracking event="collapse">https://ms-external-inventory.deva.cloud.ogury.io/vid?t={$timestamp$}&amp;imp={$IMPID$}&amp;oc_id=24610&amp;ak=1&amp;u_id={$GAID_RAW$}{$IDFA_RAW$}{$WPID_RAW$}&amp;u_os={$DEVICE_OS$}&amp;u_a={$USER_AGENT$}&amp;g_city={$CITY_NAME$}&amp;g_lat={$LAT$}&amp;g_long={$LONG$}&amp;a_b={$APP_BUNDLE$}&amp;a_n={$APP_NAME$}&amp;e=collapse</Tracking>

              <Tracking event="rewind">https://ms-external-inventory.deva.cloud.ogury.io/vid?t={$timestamp$}&amp;imp={$IMPID$}&amp;oc_id=24610&amp;ak=1&amp;u_id={$GAID_RAW$}{$IDFA_RAW$}{$WPID_RAW$}&amp;u_os={$DEVICE_OS$}&amp;u_a={$USER_AGENT$}&amp;g_city={$CITY_NAME$}&amp;g_lat={$LAT$}&amp;g_long={$LONG$}&amp;a_b={$APP_BUNDLE$}&amp;a_n={$APP_NAME$}&amp;e=rewind</Tracking>
              <Tracking event="skip">https://ms-external-inventory.deva.cloud.ogury.io/vid?t={$timestamp$}&amp;imp={$IMPID$}&amp;oc_id=24610&amp;ak=1&amp;u_id={$GAID_RAW$}{$IDFA_RAW$}{$WPID_RAW$}&amp;u_os={$DEVICE_OS$}&amp;u_a={$USER_AGENT$}&amp;g_city={$CITY_NAME$}&amp;g_lat={$LAT$}&amp;g_long={$LONG$}&amp;a_b={$APP_BUNDLE$}&amp;a_n={$APP_NAME$}&amp;e=skip</Tracking>
              <Tracking event="playerExpand">https://ms-external-inventory.deva.cloud.ogury.io/vid?t={$timestamp$}&amp;imp={$IMPID$}&amp;oc_id=24610&amp;ak=1&amp;u_id={$GAID_RAW$}{$IDFA_RAW$}{$WPID_RAW$}&amp;u_os={$DEVICE_OS$}&amp;u_a={$USER_AGENT$}&amp;g_city={$CITY_NAME$}&amp;g_lat={$LAT$}&amp;g_long={$LONG$}&amp;a_b={$APP_BUNDLE$}&amp;a_n={$APP_NAME$}&amp;e=playerExpand</Tracking>
              <Tracking event="playerCollapse">https://ms-external-inventory.deva.cloud.ogury.io/vid?t={$timestamp$}&amp;imp={$IMPID$}&amp;oc_id=24610&amp;ak=1&amp;u_id={$GAID_RAW$}{$IDFA_RAW$}{$WPID_RAW$}&amp;u_os={$DEVICE_OS$}&amp;u_a={$USER_AGENT$}&amp;g_city={$CITY_NAME$}&amp;g_lat={$LAT$}&amp;g_long={$LONG$}&amp;a_b={$APP_BUNDLE$}&amp;a_n={$APP_NAME$}&amp;e=playerCollapse</Tracking>
              <Tracking event="pause">https://ms-external-inventory.deva.cloud.ogury.io/vid?t={$timestamp$}&amp;imp={$IMPID$}&amp;oc_id=24610&amp;ak=1&amp;u_id={$GAID_RAW$}{$IDFA_RAW$}{$WPID_RAW$}&amp;u_os={$DEVICE_OS$}&amp;u_a={$USER_AGENT$}&amp;g_city={$CITY_NAME$}&amp;g_lat={$LAT$}&amp;g_long={$LONG$}&amp;a_b={$APP_BUNDLE$}&amp;a_n={$APP_NAME$}&amp;e=pause</Tracking>
              <Tracking event="resume">https://ms-external-inventory.deva.cloud.ogury.io/vid?t={$timestamp$}&amp;imp={$IMPID$}&amp;oc_id=24610&amp;ak=1&amp;u_id={$GAID_RAW$}{$IDFA_RAW$}{$WPID_RAW$}&amp;u_os={$DEVICE_OS$}&amp;u_a={$USER_AGENT$}&amp;g_city={$CITY_NAME$}&amp;g_lat={$LAT$}&amp;g_long={$LONG$}&amp;a_b={$APP_BUNDLE$}&amp;a_n={$APP_NAME$}&amp;e=resume</Tracking>

            </TrackingEvents>
            <VideoClicks>
              <ClickThrough id="6b17f1d3002f294817a989d002153f57fd9efeb7">https://ms-external-inventory.deva.cloud.ogury.io/clk?t={$timestamp$}&amp;imp={$IMPID$}&amp;oc_id=24610&amp;ak=1&amp;u_id={$GAID_RAW$}{$IDFA_RAW$}{$WPID_RAW$}&amp;u_os={$DEVICE_OS$}&amp;u_a={$USER_AGENT$}&amp;g_city={$CITY_NAME$}&amp;g_lat={$LAT$}&amp;g_long={$LONG$}&amp;a_b={$APP_BUNDLE$}&amp;a_n={$APP_NAME$}</ClickThrough>
              <ClickTracking>
                <![CDATA[ https://ms-external-inventory.deva.cloud.ogury.io/ClickTracking?t={$timestamp$}&amp;imp={$IMPID$}&amp;oc_id=24610&amp;ak=1&amp;u_id={$GAID_RAW$}{$IDFA_RAW$}{$WPID_RAW$}&amp;u_os={$DEVICE_OS$}&amp;u_a={$USER_AGENT$}&amp;g_city={$CITY_NAME$}&amp;g_lat={$LAT$}&amp;g_long={$LONG$}&amp;a_b={$APP_BUNDLE$}&amp;a_n={$APP_NAME$} ]]>
              </ClickTracking>
              <CustomClick>
                <![CDATA[ https://ms-external-inventory.deva.cloud.ogury.io/CustomClick?t={$timestamp$}&amp;imp={$IMPID$}&amp;oc_id=24610&amp;ak=1&amp;u_id={$GAID_RAW$}{$IDFA_RAW$}{$WPID_RAW$}&amp;u_os={$DEVICE_OS$}&amp;u_a={$USER_AGENT$}&amp;g_city={$CITY_NAME$}&amp;g_lat={$LAT$}&amp;g_long={$LONG$}&amp;a_b={$APP_BUNDLE$}&amp;a_n={$APP_NAME$} ]]>
              </CustomClick>
            </VideoClicks>
            <MediaFiles>
              <MediaFile type="video/webm"><![CDATA[data:video/webm;base64,GkXfo49CgoR3ZWJtQoeBAUKFgQEYU4BnAQAAAAAAF60RTZt0vE27jFOrhBVJqWZTrIIQA027jFOrhBZUrmtTrIIQbE27jFOrhBFNm3RTrIIXmU27jFOrhBxTu2tTrIIWs+xPvwAAAAAAAAAAAAAAAAAAAAAAAAAAAAAAAAAAAAAAAAAAAAAAAAAAAAAAAAAAAAAAAAAAAAAAAAAAAAAAAAAAAAAAAAAAAAAAAAAAAAAAAAAAAAAAAAAAAAAAAAAAAAAAAAAAAAAAAAAAAAAAAAAAAAAAAAAAAAAAAAAAAAAAAAAAAAAAAAAAAAAAAAAAAAAAAAAAAAAAAAAAAAAAAAAAAAAAAAAAAAAAAAAAAAAAAAAAAAAAAAAAAAAAAAAAAAAAAAAAAAAAAAAAAAAAAAAAAAAAAAAAAAAAAAAAAAAAAAAAAAAAAAAAAAAAAAAAAAAAAAAAAAAAAAAAAAAAAAAAAAAAAAAAAAAAAAAAAAAAAAAAAAAAAAAAAAAAAAAAAAAAAAAAAAAAAAAAAAAAAAAAAAAAAAAAAAAAAAAAAAAAAAAAAAAAAAAAAAAAAAAAAAAAAAAAAAAAAAAAAAAAAAAAAAAAAAAAAAAAAAAAAAAAAAAAAAAAAAAAAAAAAAAAAAAAAAAAAAAAAAAAAAAAAAAAAAAAAAAAAAAAAAAAAAAAAAAAAAAAAAAAAAAAAAAAAAAAAAAAAAAAAAAAAAAAAAAAAAAAAAAAAAAAAAAAAAAAAAAAAAAAAAAAAAAAAAAAAAAAAAAAAAAAAAAAAAAAAAAAAAAAAAAAAAAAAAAAAAAAAAAAAAAAAAAAAAAAAAAAAAAAAAAAAAAAAAAAAAAAAAAAAAAAAAAAAAAAAAAAAAAAAAAAAAAAAAAAAAAAAAAAAAAAAAAAAAAAAAAAAAAAAAAAAAAAAAAAAAAAAAAAAAAAAAAAAAAAAAAAAAAAAAAAAAAAAAAAAAAAAAAAAAAAAAAAAAAAAAAAAAAAAAAAAAAAAAAAAAAAAAAAAAAAAAAAAAAAAAAAAAAAAAAAAAAAAAAAAAAAAAAAAAAAAAAAAAAAAAAAAAAAAAAAAAAAAAAAAAAAAAAAAAAAAAAAAAAAAAAAAAAAAAAAAAAAAAAAAAAAAAAAAAAAAAAAAAAAAAAAAAAAAAAAAAAAAAAAAAAAAAAAAAAAAAAAAAAAAAAAAAAAAAAAAAAAAAAAAAAAAAAAAAAAAAAAAAAAAAAAAAAAAAAAAAAAAAAAAAAAAAAAAAAAAAAAAAAAAAAAAAAAAAAAAAAAAAAAAAAAAAAAAAAAAAAAAAAAAAAAAAAAAAAAAAAAAAAAAAAAAAAAAAAAAAAAAAAAAAAAAAAAAAAAAAAAAAAAAAAAAAAAAAAAAAAAAAAAAAAAAAAAAAAAAAAAAAAAAAAAAAAAAAAAAAAAAAAAAAAAAAAAAAAAAAAAAAAAAAAAAAAAAAAAAAAAAAAAAAAAAAAAAAAAAAAAAAAAAAAAAAAAAAAAAAAAAAAAAAAAAAAAAAAAAAAAAAAAAAAAAAAAAAAAAAAAAAAAAAAAAAAAAAAAAAAAAAAAAAAAAAAAAAAAAAAAAAAAAAAAAAAAAAAAAAAAAAAAAAAAAAAAAAAAAAAAAAAAAAAAAAAAAAAAAAAAAAAAAAAAAAAAAAAAAAAAAAAAAAAAAAAAAAAAAAAAAAAAAAAAAAAAAAAAAAAAAAAAAAAAAAAAAAAAAAAAAAAAAAAAAAAAAAAAAAAAAAAAAAAAAAAAAAAAAAAAAAAAAAAAAAAAAAAAAAAAAAAAAAAAAAAAAAAAAAAAAAAAAAAAAAAAAAAAAAAAAAAAAAAAAAAAAAAAAAAAAAAAAAAAAAAAAAAAAAAAAAAAAAAAAAAAAAAAAAAAAAAAAAAAAAAAAAAAAAAAAAAAAAAAAAAAAAAAAAAAAAAAAAAAAAAAAAAAAAAAAAAAAAAAAAAAAAAAAAAAAAAAAAAAAAAAAAAAAAAAAAAAAAAAAAAAAAAAAAAAAAAAAAAAAAAAAAAAAAAAAAAAAAAAAAAAAAAAAAAAAAAAAAAAAAAAAAAAAAAAAAAAAAAAAAAAAAAAAAAAAAAAAAAAAAAAAAAAAAAAAAAAAAAAAAAAAAAAAAAAAAAAAAAAAAAAAAAAAAAAAAAAAAAAAAAAAAAAAAAAAAAAAAAAAAAAAAAAAAAAAAAAAAAAAAAAAAAAAAAAAAAAAAAAAAAAAAAAAAAAAAAAAAAAAAAAAAAAAAAAAAAAAAAAAAAAAAAAAAAAAAAAAAAAAAAAAAAAAAAAAAAAAAAAAAAAAAAAAAAAAAAAAAAAAAAAAAAAAAAAAAAAAAAAAAAAAAAAAAAAAAAAAAAAAAAAAAAAAAAAAAAAAAAAAAAAAAAAAAAAAAAAAAAAAAAAAAAAAAAAAAAAAAAAAAAAAAAAAAAAAAAAAAAAAAAAAAAAAAAAAAAAAAAAAAAAAAAAAAAAAAAAAAAAAAAAAAAAAAAAAAAAAAAAAAAAAAAAAAAAAAAAAAAAAAAAAAAAAAAAAAAAAAAAAAAAAAAAAAAAAAAAAAAAAAAAAAAAAAAAAAAAAAAAAAAAAAAAAAAAAAAAAAAAAAAAAAAAAAAAAAAAAAAAAAAAAAAAAAAAAAAAAAAAAAAAAAAAAAAAAAAAAAAAAAAAAAAAAAAAAAAAAAAAAAAAAAAAAAAAAAAAAAAAAAAAAAAAAAAAAAAAAAAAAAAAAAAAAAAAAAAAAAAAAAAAAAAAAAAAAAAAAAAAAAAAAAAAAAAAAAAAAAAAAAAAAAAAAAAAAAAAAAAAAAAAAAAAAAAAAAAAAAAAAAAAAAAAAAAAAAAAAAAAAAAAAAAAAAAAAAAAAAAAAAAAAAAAAAAAAAAAAAAAAAAAAAAAAAAAAAAAAAAAAAAAAAAAAAAAAAAAAAAAAAAAAAAAAAAAAAAAAAAAAAAAAAAAAAAAAAAAAAAAAAAAAAAAAAAAAAAAAAAAAAAAAAAAAAAAAAAAAAAAAAAAAAAAAAAAAAAAAAAAAAAAAAAAAAAAAAAAAAAAAAAAAAAAAAAAAAAAAAAAAAAAAAAAAAAAAAAAAAAAAAAAAAAAAAAAAAAAAAAAAAAAAAAAAAAAAAAAAAAAAAAAAAAAAAAAAAAAAAAAAAAAAAAAAAAAAAAAAAAAAAAAAAAAAAAAAAAAAAAAAAAAAAAAAAAAAAAAAAAAAAAAAAAAAAAAAAAAAAAAAAAAAAAAAAAAAAAAAAAAAAAAAAAAAAAAAAAAAAAAAAAAAAAAAAAAAAAAAAAAAAAAAAAAAAAAAAAAAAAAAAAAAAAAAAAAAAAAAAAAAAAAAAAAAAAAAAAAAAAAAAAAAAAAAAAAAAAAAAAAAAAAAAAAAAAAAAAAAAAAAAAAAAAAAAAAAAAAAAAAAAAAAAAAAAAAAAAAAAAAAAAAAAAAAAAAAAAAAAAAAAAAAAAAAAAAAAAAAAAAAAAAAAAAAAAAAAAAAAAAAAAAAAAAAAAAAAAAAAAAAAAAAAAAAAAAAAAAAAAAAAAAAAAAAAAAAAAAAAAAAAAAAAAAAAAAAAAAAAAAAAAAAAAAAAAAAAAAAAAAAAAAAAAAAAAAAAAAAAAAAAAAAAAAAAAAAAAAAAAAAAAAAAAAAAAAAAAAAAAAAAAAAAAAAAAAAAAAAAAAAAAAAAAAAAAAAAAAAAAAAAAAAAAAAAAAAAAAAAAAAAAAAAAAAAAAAAAAAAAAAAAAAAAAAAAAAAAAAAAAAAAAAAAAAAAAAAAAAAAAAAAAAAAAAAAAAAAAAAAAAAAAAAAAAAAAAAAAAAAAAAAAAAAAAAAAAAAAAAAAAAAAAAAAAAAAAAAAAAAAAAAAAAAAAAAAAAAAAAAAAAAAAAAAAAAAAAAAAAAAAAAAAAAAAAAAAAAAAAAAAAAAAAAAAAAAAAAAAAAAAAAAAAAAAAAAAAAAAAAAAAAAAAAAAAAAAAAAAAAAAAAAAAAAAAAAAAAAAAAAAAAAAAAAAAAAAAAAAAAAAAAAAAAAAAAAAAAAAAAAAAAAAAAAAAAAAAAAAAAAAAAAAAAAAAAAAAAAAAAAAAAAAAAAAAAAAAAAAAAAAAAAAAAAAAAAAAAAAAAAAAAAAAAAAAAAAAAAAAAAAAAAAAAAAAAAAAAAAAAAAAAAAAAAAAAAAAAAAAAAAAAAAAAAAAAAAAAAAAAAAAAAAAAAAAAAAAAAAAAAAAAAAAAAAAAAAAAAAAAAAAAAAAAAAAAAAAAAAAAAAAAAAAAAAAAAAAAAAAAAAAAAAAAAAAAAAAAAAAAAAAAAAAAAAAAAAAAAAAAAAAAAAAAAAAAAAAAAAAAAAAAAAAAAAAAAAAAAAAAAAAAAAAAAAAAAAAAAAAAAAAAAAAAAAAAAAAAAAAAAAAAAAAAAAAAAAAAAAAAAAAAAAAAAAAAAAAAAAAAAAAAAAAAAAAAAAAAAAAAAAAAAAAAAAAAAAAAAAAAAAAAAAAAAAAAAAAAAAAAAAAAAAAAAAAAAAAAAAAAAAAAAAAAAAAAAAAAAAAAAAAAAAAAAAAAAAAAAAAAAAAAAAAAAAAAAAAAAAAAAAAAAAAAAAAAAAAAAAAAAAAAAAAAAAAAAAAAAAAAAAAAAAAAAAAAAAAAAAAAAAAAAAAAAAAAAAAAAAAAAAAAAAAAAAAAAAAAAAAAAAAAAAAAAAAAAAAAAAAAAAAAAAAAAAAAAAAAAAAAAAAAAAAAAAAAAAAAAAAAAAAAAAAAAAAAAAAAAAAAAAAAAAAAAAAAAAAAAAAAAAAAAAAAAAAAAAAAAAAAAAAAAAAAAAAAAAAAAAAAAAAAAAAAAAAAAAAAAAAAAAAAAAAAAAAAAAAAAAAAAAAAAAAAAAAAAAAAAAAAAAAAAAAAAAAAAAAAAAAAAAAAAAAAAAAAAAAAAAAAAAAAAAAAAAAAAAAAAAAAAAAAAAAAAAAAAAAAAAAAAAAAAAAAAAAAAAAAAAAAAAAAAAAAAAAAAAAAAAAAAAAAAAAAAAAAAAAAAAAAAAAAAAAAAAAAAAAAAAAAAAAAAAAAAAAAAAAAAAAAAAAAAAAAAAAAAAAAAAAAAAAAAAAAAAAAAAAAAAAAAAAAAAAAAAAAAAAAAAAAAAAAAAAAAAAAAAAAAAAAAAAAAAAAAAAAAAAAAAAAAAAAAAAAAAAAAAAAAAAAAAAAAAAAAAAAAAAAAAAAAAAAAAAAAAAAAAAAAAAAAAAAAAAAAAAAAAAAAAAAAAAAAAAAAAAAAAAAAAAAAAAAAAAAAAAAAAAAAAAAAAAAAAAAAAAAAAAAAAAAAAAAAAAAAAAAAAAAAAAAAAAAAAAAAAAAAAAAAAAAAAAAAAAAAAAAAAAAAAAAAAAAAAAAAAAAAAAAAAAAAAAAAAAAAAAAAAAAAAAAAAAAAAAAAAAAAAAAAAAAAAAAAAAAAAAAAAAAAAAAAAAAAAAAAAAAAAAAAAAAAAAAAAAAAAAAAAAAAAAAAAAAAAAAAAAAAAAAAAAAAAAAAAAAAAAAAAAAAAAAAAAAAAAAAAAAAAAAAFUmpZuQq17GDD0JATYCjbGliZWJtbCB2MC43LjcgKyBsaWJtYXRyb3NrYSB2MC44LjFXQY9BVlNNYXRyb3NrYUZpbGVEiYRFnEAARGGIBc2Lz1QNtgBzpJCy3XZ0KNuKNZS4+fDpFxzUFlSua9iu1teBAXPFhL4G+bmDgQG5gQGIgQFVqoEAnIEAbeeBASMxT4Q/gAAAVe6BAIaFVl9WUDiqgQEj44OEE95DVSK1nIN1bmTgkbCBULqBPJqBAFSwgVBUuoE87EQAAAAAAAAAAAAAAAAAAAAAAAAAAAAAAAAAAAAAAAAAAAAAAAAAAAAAAAAAAAAAAAAAAAAAAAAAAAAAAAAAAAAAAAAAAAAAAAAAAAAAAAAAAAAAAAAAAAAAAAAAAAAAAAAAAAAAAAAAAAAAAAAAAAAAAAAAAAAAAAAAAAAAAAAAAAAAAAAAAAAAAAAAAAAAAAAAAAAAAAAAAAAAAAAAAAAAAAAAAAAAAAAAAAAAAAAAAAAAAAAAAAAAAAAAAAAAAAAAAAAAAAAAAAAAAAAAAAAAAAAAAAAAAAAAAAAAAAAAAAAAAAAAAAAAAAAAAAAAAAAAAAAAAAAAAAAAAAAAAAAAAAAAAAAAAAAAAAAAAAAAAAAAAAAAAAAAAAAAAAAAAAAAAAAAAAAAAAAAAAAAAAAAAAAAAAAAAAAAAAAAAAAAAAAAAAAAAAAAAAAAAAAAAAAAAAAAAAAAAAAAAAAAAAAAAAAAAAAAAAAAAAAAAAAAAAAAAAAAAAAAAAAAAAAAAAAAAAAAAAAAAAAAAAAAAAAAAAAAAAAAAAAAAAAAAAAAAAAAAAAAAAAAAAAAAAAAAAAAAAAAAAAAAAAAAAAAAAAAAAAAAAAAAAAAAAAAAAAAAAAAAAAAAAAAAAAAAAAAAAAAAAAAAAAAAAAAAAAAAAAAAAAAAAAAAAAAAAAAAAAAAAAAAAAAAAAAAAAAAAAAAAAAAAAAAAAAAAAAAAAAAAAAAAAAAAAAAAAAAAAAAAAAAAAAAAAAAAAAAAAAAAAAAAAAAAAAAAAAAAAAAAAAAAAAAAAAAAAAAAAAAAAAAAAAAAAAAAAAAAAAAAAAAAAAAAAAAAAAAAAAAAAAAAAAAAAAAAAAAAAAAAAAAAAAAAAAAAAAAAAAAAAAAAAAAAAAAAAAAAAAAAAAAAAAAAAAAAAAAAAAAAAAAAAAAAAAAAAAAAAAAAAAAAAAAAAAAAAAAAAAAAAAAAAAAAAAAAAAAAAAAAAAAAAAAAAAAAAAAAAAAAAAAAAAAAAAAAAAAAAAAAAAAAAAAAAAAAAAAAAAAAAAAAAAAAAAAAAAAAAAAAAAAAAAAAAAAAAAAAAAAAAAAAAAAAAAAAAAAAAAAAAAAAAAAAAAAAAAAAAAAAAAAAAAAAAAAAAAAAAAAAAAAAAAAAAAAAAAAAAAAAAAAAAAAAAAAAAAAAAAAAAAAAAAAAAAAAAAAAAAAAAAAAAAAAAAAAAAAAAAAAAAAAAAAAAAAAAAAAAAAAAAAAAAAAAAAAAAAAAAAAAAAAAAAAAAAAAAAAAAAAAAAAAAAAAAAAAAAAAAAAAAAAAAAAAAAAAAAAAAAAAAAAAAAAAAAAAAAAAAAAAAAAAAAAAAAAAAAAAAAAAAAB9DtnVB4eeBAKC4obaBAAAAkAMAnQEqUAA8AABHCIWFiIWEiAICAAamYnoOC6cfJa8f5Zvda4D+/7YOf//nNefQYACgnKGWgQFNANEBAAEQEAAYABhYL/QACIhgAPuC/rOgnKGWgQKbANEBAAEQEAAYABhYL/QACIhgAPuC/rKgnKGWgQPoANEBAAEQEAAYABhYL/QACIhgAPuC/rOgnKGWgQU1ANEBAAEQEAAYABhYL/QACIhgAPuC/rOgnKGWgQaDANEBAAEQEAAYABhYL/QACIhgAPuC/rKgnKGWgQfQANEBAAEQEAAYABhYL/QACIhgAPuC/rOgnKGWgQkdANEBAAEQEBRgAGFgv9AAIiGAAPuC/rOgnKGWgQprANEBAAEQEAAYABhYL/QACIhgAPuC/rKgnKGWgQu4ANEBAAEQEAAYABhYL/QACIhgAPuC/rOgnKGWgQ0FANEBAAEQEAAYABhYL/QACIhgAPuC/rOgnKGWgQ5TANEBAAEQEAAYABhYL/QACIhgAPuC/rKgnKGWgQ+gANEBAAEQEAAYABhYL/QACIhgAPuC/rOgnKGWgRDtANEBAAEQEAAYABhYL/QACIhgAPuC/rOgnKGWgRI7ANEBAAEQEAAYABhYL/QACIhgAPuC/rIcU7trQOC7jLOBALeH94EB8YIUzLuNs4IBTbeH94EB8YIUzLuNs4ICm7eH94EB8YIUzLuNs4ID6LeH94EB8YIUzLuNs4IFNbeH94EB8YIUzLuNs4IGg7eH94EB8YIUzLuNs4IH0LeH94EB8YIUzLuNs4IJHbeH94EB8YIUzLuNs4IKa7eH94EB8YIUzLuNs4ILuLeH94EB8YIUzLuNs4INBbeH94EB8YIUzLuNs4IOU7eH94EB8YIUzLuNs4IPoLeH94EB8YIUzLuNs4IQ7beH94EB8YIUzLuNs4ISO7eH94EB8YIUzBFNm3SPTbuMU6uEH0O2dVOsghTM]]></MediaFile>
            </MediaFiles>
          </Linear>
        </Creative>
      </Creatives>
      <ViewableImpression id="SMART AdServer">
        <Viewable><![CDATA[http://localhost:3090/ViewableImpressionOnViewable]]></Viewable>
        <ViewUndetermined><![CDATA[http://localhost:3090ViewableImpressionOnNotViewable]]></ViewUndetermined>
      </ViewableImpression>
      <AdVerifications>
        <Verification vendor="iabtechlab.com-omid">
          <JavaScriptResource apiFramework="omid">
            <![CDATA[https://localhost/omid-verification-validation.js]]>
          </JavaScriptResource>
          <TrackingEvents>
            <Tracking event="verificationNotExecuted">
              <![CDATA[https://verification.com/trackingurl]]>
            </Tracking>
          </TrackingEvents>
          <VerificationParameters>
            <![CDATA[verification params key value pairs]]>
          </VerificationParameters>
        </Verification>
      </AdVerifications>
    </InLine>
  </Ad>
</VAST>
