<VAST version="2.0">
<Ad id="19d8d7b6">
<InLine>
<AdSystem>
<![CDATA[ HLS VPAID MP4 ]]>
</AdSystem>
<AdTitle>
<![CDATA[ HLS VPAID MP4 ]]>
</AdTitle>
<Description>
<![CDATA[ HLS VPAID MP4 ]]>
</Description>
<Error>
<![CDATA[
https://www.kwery.fr/?error=[ERRORCODE]
]]>
</Error>
<Impression>
<![CDATA[
https://www.kwery.fr/?code=impression
]]>
</Impression>
<Creatives>
<Creative id="19d8d7b6" AdID="19d8d7b6">
<Linear>
<Duration>00:00:15</Duration>
<TrackingEvents/>
<AdParameters></AdParameters>
<MediaFiles>
<MediaFile delivery="progressive" bitrate="97" width="256" height="144" type="application/x-mpegURL">
<![CDATA[https://medias.presage.io/medias/videos/1876c1c4-47e9-461e-b2a9-8188c9b42c8f.mp4-transcoded/playlist.m3u8]]>
</MediaFile>
<MediaFile delivery="progressive" bitrate="97" width="256" height="144" type="video/mp4">
<![CDATA[https://medias.devc.cloud.ogury.io/medias/videos/358fb531-9fe4-4ba2-ae64-43ba956245c2.mp4]]>
</MediaFile>
<MediaFile width="1080" height="608" type="application/javascript" delivery="progressive" maintainAspectRatio="true" scalable="true" apiFramework="VPAID">
<![CDATA[
https://ads.celtra.com/85f1d3c6/vpaid.js?sessionId=s1660895190xf657b7ae0002a6x56942421&scriptId=blank-script-id&eventIndex=0&tagVersion=url-standard-7&externalAdServer=Ogury&externalBundleId=%5Bapp_bundle%5D
]]>
</MediaFile>
</MediaFiles>
</Linear>
</Creative>
</Creatives>
</InLine>
</Ad>
</VAST>
